Agent/app/build/outputs/mapping/release/seeds.txt
com.ignite.mdm.ticketing.agent.callcenter.AgentDepositActivity
com.ignite.mdm.ticketing.agent.callcenter.AgentDepositActivity: AgentDepositActivity()
com.ignite.mdm.ticketing.agent.callcenter.AgentDepositFillActivity
com.ignite.mdm.ticketing.agent.callcenter.AgentDepositFillActivity: AgentDepositFillActivity()
com.ignite.mdm.ticketing.agent.callcenter.AgentDepositFillActivity: void onClick(android.view.View)
com.ignite.mdm.ticketing.agent.callcenter.AgentSeatsBookingActivity
com.ignite.mdm.ticketing.agent.callcenter.AgentSeatsBookingActivity: AgentSeatsBookingActivity()
com.ignite.mdm.ticketing.agent.callcenter.BusBookingConfirmDeleteActivity
com.ignite.mdm.ticketing.agent.callcenter.BusBookingConfirmDeleteActivity: BusBookingConfirmDeleteActivity()
com.ignite.mdm.ticketing.agent.callcenter.BusBookingListActivity
com.ignite.mdm.ticketing.agent.callcenter.BusBookingListActivity: BusBookingListActivity()
com.ignite.mdm.ticketing.agent.callcenter.BusConfirmActivity
com.ignite.mdm.ticketing.agent.callcenter.BusConfirmActivity: BusConfirmActivity()
com.ignite.mdm.ticketing.agent.callcenter.BusOperatorSeatsActivity
com.ignite.mdm.ticketing.agent.callcenter.BusOperatorSeatsActivity: BusOperatorSeatsActivity()
com.ignite.mdm.ticketing.agent.callcenter.BusSelectSeatActivity
com.ignite.mdm.ticketing.agent.callcenter.BusSelectSeatActivity: BusSelectSeatActivity()
com.ignite.mdm.ticketing.agent.callcenter.CbOddPaymentActivity
com.ignite.mdm.ticketing.agent.callcenter.CbOddPaymentActivity: CbOddPaymentActivity()
com.ignite.mdm.ticketing.agent.callcenter.ChangePasswordActivity
com.ignite.mdm.ticketing.agent.callcenter.ChangePasswordActivity: ChangePasswordActivity()
com.ignite.mdm.ticketing.agent.callcenter.CustomerInfoActivity
com.ignite.mdm.ticketing.agent.callcenter.CustomerInfoActivity: CustomerInfoActivity()
com.ignite.mdm.ticketing.agent.callcenter.DeliveryActivity
com.ignite.mdm.ticketing.agent.callcenter.DeliveryActivity: DeliveryActivity()
com.ignite.mdm.ticketing.agent.callcenter.HomeActivity
com.ignite.mdm.ticketing.agent.callcenter.HomeActivity: HomeActivity()
com.ignite.mdm.ticketing.agent.callcenter.HomeNewActivity
com.ignite.mdm.ticketing.agent.callcenter.HomeNewActivity: HomeNewActivity()
com.ignite.mdm.ticketing.agent.callcenter.InvoiceActivity
com.ignite.mdm.ticketing.agent.callcenter.InvoiceActivity: InvoiceActivity()
com.ignite.mdm.ticketing.agent.callcenter.InvoiceDetailActivty
com.ignite.mdm.ticketing.agent.callcenter.InvoiceDetailActivty: InvoiceDetailActivty()
com.ignite.mdm.ticketing.agent.callcenter.InvoiceDetailDialog
com.ignite.mdm.ticketing.agent.callcenter.MainActivity
com.ignite.mdm.ticketing.agent.callcenter.MainActivity: MainActivity()
com.ignite.mdm.ticketing.agent.callcenter.MyPhoneReceiver
com.ignite.mdm.ticketing.agent.callcenter.MyPhoneReceiver: MyPhoneReceiver()
com.ignite.mdm.ticketing.agent.callcenter.NewSalesActivity
com.ignite.mdm.ticketing.agent.callcenter.NewSalesActivity: NewSalesActivity()
com.ignite.mdm.ticketing.agent.callcenter.NotiServiceActivity
com.ignite.mdm.ticketing.agent.callcenter.NotiServiceActivity: NotiServiceActivity()
com.ignite.mdm.ticketing.agent.callcenter.NotiServiceActivity$MyPhoneReceiver
com.ignite.mdm.ticketing.agent.callcenter.OutstandingActivity
com.ignite.mdm.ticketing.agent.callcenter.OutstandingActivity: OutstandingActivity()
com.ignite.mdm.ticketing.agent.callcenter.PDFBusActivity
com.ignite.mdm.ticketing.agent.callcenter.PDFBusActivity: PDFBusActivity()
com.ignite.mdm.ticketing.agent.callcenter.PDFBusActivity: void getBitmapFromView(android.view.View)
...
com.smk.skpopupview.SKPopupView$3
com.smk.skpopupview.SKPopupView$3: com.smk.skpopupview.SKPopupView this$0
com.smk.skpopupview.SKPopupView$3: float val$pivotX
com.smk.skpopupview.SKPopupView$3: float val$pivotY
com.smk.skpopupview.SKPopupView$3: SKPopupView$3(com.smk.skpopupview.SKPopupView,float,float)
com.smk.skpopupview.SKPopupView$3: void run()
com.smk.skpopupview.SKPopupView$4
com.smk.skpopupview.SKPopupView$4: com.smk.skpopupview.SKPopupView this$0
com.smk.skpopupview.SKPopupView$4: int val$y
com.smk.skpopupview.SKPopupView$4: SKPopupView$4(com.smk.skpopupview.SKPopupView,int)
com.smk.skpopupview.SKPopupView$4: void run()
com.smk.skpopupview.SKPopupView$5
com.smk.skpopupview.SKPopupView$5: com.smk.skpopupview.SKPopupView this$0
com.smk.skpopupview.SKPopupView$5: int val$y
com.smk.skpopupview.SKPopupView$5: SKPopupView$5(com.smk.skpopupview.SKPopupView,int)
com.smk.skpopupview.SKPopupView$5: void run()
com.smk.skpopupview.SKPopupView$6
com.smk.skpopupview.SKPopupView$6: com.smk.skpopupview.SKPopupView this$0
com.smk.skpopupview.SKPopupView$6: int val$x
com.smk.skpopupview.SKPopupView$6: SKPopupView$6(com.smk.skpopupview.SKPopupView,int)
com.smk.skpopupview.SKPopupView$6: void run()
com.smk.skpopupview.SKPopupView$7
com.smk.skpopupview.SKPopupView$7: com.smk.skpopupview.SKPopupView this$0
com.smk.skpopupview.SKPopupView$7: int val$x
com.smk.skpopupview.SKPopupView$7: SKPopupView$7(com.smk.skpopupview.SKPopupView,int)
com.smk.skpopupview.SKPopupView$7: void run()
com.squareup.okhttp.Address
com.squareup.okhttp.Address: java.net.Proxy proxy
com.squareup.okhttp.Address: java.lang.String uriHost
com.squareup.okhttp.Address: int uriPort
com.squareup.okhttp.Address: javax.net.ssl.SSLSocketFactory sslSocketFactory
com.squareup.okhttp.Address: javax.net.ssl.HostnameVerifier hostnameVerifier
com.squareup.okhttp.Address: com.squareup.okhttp.OkAuthenticator authenticator
com.squareup.okhttp.Address: java.util.List protocols
com.squareup.okhttp.Address: Address(java.lang.String,int,javax.net.ssl.SSLSocketFactory,javax.net.ssl.HostnameVerifier,com.squareup.okhttp.OkAuthenticator,java.net.Proxy,java.util.List)
com.squareup.okhttp.Address: java.lang.String getUriHost()
com.squareup.okhttp.Address: int getUriPort()
com.squareup.okhttp.Address: javax.net.ssl.SSLSocketFactory getSslSocketFactory()
com.squareup.okhttp.Address: javax.net.ssl.HostnameVerifier getHostnameVerifier()
com.squareup.okhttp.Address: com.squareup.okhttp.OkAuthenticator getAuthenticator()
com.squareup.okhttp.Address: java.util.List getProtocols()
com.squareup.okhttp.Address: java.net.Proxy getProxy()
com.squareup.okhttp.Address: boolean equals(java.lang.Object)
com.squareup.okhttp.Address: int hashCode()
com.squareup.okhttp.CacheControl
com.squareup.okhttp.CacheControl: boolean noCache
com.squareup.okhttp.CacheControl: boolean noStore
com.squareup.okhttp.CacheControl: int maxAgeSeconds
com.squareup.okhttp.CacheControl: int sMaxAgeSeconds
com.squareup.okhttp.CacheControl: boolean isPublic
com.squareup.okhttp.CacheControl: boolean mustRevalidate
com.squareup.okhttp.CacheControl: int maxStaleSeconds
com.squareup.okhttp.CacheControl: int minFreshSeconds
com.squareup.okhttp.CacheControl: boolean onlyIfCached
com.squareup.okhttp.CacheControl: CacheControl(boolean,boolean,int,int,boolean,boolean,int,int,boolean)
com.squareup.okhttp.CacheControl: boolean noCache()
com.squareup.okhttp.CacheControl: boolean noStore()
com.squareup.okhttp.CacheControl: int maxAgeSeconds()
com.squareup.okhttp.CacheControl: int sMaxAgeSeconds()
com.squareup.okhttp.CacheControl: boolean isPublic()
com.squareup.okhttp.CacheControl: boolean mustRevalidate()
com.squareup.okhttp.CacheControl: int maxStaleSeconds()
com.squareup.okhttp.CacheControl: int minFreshSeconds()
com.squareup.okhttp.CacheControl: boolean onlyIfCached()
com.squareup.okhttp.CacheControl: com.squareup.okhttp.CacheControl parse(com.squareup.okhttp.internal.http.Headers)