Agent/app/build/outputs/mapping/release/usage.txt
com.ignite.mdm.ticketing.agent.callcenter.AgentDepositActivity:
    private com.ignite.mdm.ticketing.sqlite.database.model.AgentDeposit agentDepositObj
    374:399:private void getSearchTotal()
    403:413:private void getAgentSoldAmount()
    555:556:private java.lang.String DecimalFormatter(java.lang.Double)
    561:567:private void clearTotal()
com.ignite.mdm.ticketing.agent.callcenter.AgentDepositActivity$1$1:
    private java.util.Date today
com.ignite.mdm.ticketing.agent.callcenter.AgentDepositActivity$1$2:
    private java.util.Date today
com.ignite.mdm.ticketing.agent.callcenter.AgentSeatsBookingActivity:
    private android.app.NotificationManager myNotificationManager
    195:213:public static void setListViewHeightBasedOnChildren(android.widget.ListView)
    218:253:protected void displayPromoNoti()
com.ignite.mdm.ticketing.agent.callcenter.BR
com.ignite.mdm.ticketing.agent.callcenter.BuildConfig
com.ignite.mdm.ticketing.agent.callcenter.BusBookingConfirmDeleteActivity:
    private android.support.v7.app.ActionBar actionBar
    private android.widget.TextView actionBarTitle
    private android.widget.TextView action_bar_title2
    protected java.lang.String[] ticketArray
    268:287:private void payCredit()
com.ignite.mdm.ticketing.agent.callcenter.BusBookingListActivity:
    private android.support.v7.app.ActionBar actionBar
    private android.widget.TextView actionBarTitle
    private android.widget.Button btn_search
    private android.widget.TextView action_bar_title2
    private java.lang.String operatorId
    protected java.util.List fromCities
    protected java.util.List toCities
    protected java.util.List Times
    194:239:private void getBookingListByUser()
    373:399:private void ShowFilterDialog()
    434:434:private void getCity()
    448:448:private void getTimeData()
com.ignite.mdm.ticketing.agent.callcenter.BusBookingListActivity$2
com.ignite.mdm.ticketing.agent.callcenter.BusBookingListActivity$2$1
com.ignite.mdm.ticketing.agent.callcenter.BusBookingListActivity$5
com.ignite.mdm.ticketing.agent.callcenter.BusConfirmActivity:
    private android.support.v7.app.ActionBar actionBar
    private android.widget.TextView actionBarTitle
    private java.util.List agents
    private android.widget.ArrayAdapter agentListAdapter
    private android.widget.EditText ticket_no
    private android.widget.TextView actionBarTitle2
    941:989:protected void postOnlineSale(java.lang.String)
    1088:1108:public boolean checkFieldsOperator()
    1159:1201:private void getAgent()
    75:75:static synthetic void access$2700(com.ignite.mdm.ticketing.agent.callcenter.BusConfirmActivity)
    75:75:static synthetic java.util.List access$3302(com.ignite.mdm.ticketing.agent.callcenter.BusConfirmActivity,java.util.List)
    75:75:static synthetic java.util.List access$3300(com.ignite.mdm.ticketing.agent.callcenter.BusConfirmActivity)
    75:75:static synthetic android.widget.ArrayAdapter access$3402(com.ignite.mdm.ticketing.agent.callcenter.BusConfirmActivity,android.widget.ArrayAdapter)
    75:75:static synthetic android.widget.ArrayAdapter access$3400(com.ignite.mdm.ticketing.agent.callcenter.BusConfirmActivity)
    75:75:static synthetic android.widget.AutoCompleteTextView access$3500(com.ignite.mdm.ticketing.agent.callcenter.BusConfirmActivity)
    75:75:static synthetic java.lang.String access$3600(com.ignite.mdm.ticketing.agent.callcenter.BusConfirmActivity)
com.ignite.mdm.ticketing.agent.callcenter.BusConfirmActivity$10
com.ignite.mdm.ticketing.agent.callcenter.BusConfirmActivity$12
com.ignite.mdm.ticketing.agent.callcenter.BusConfirmActivity$12$1
com.ignite.mdm.ticketing.agent.callcenter.BusConfirmActivity$12$2
...
com.itextpdf.text.pdf.security.CertificateVerifier
com.itextpdf.text.pdf.security.CrlClient
com.itextpdf.text.pdf.security.CrlClientOffline
com.itextpdf.text.pdf.security.CrlClientOnline
com.itextpdf.text.pdf.security.DigestAlgorithms
com.itextpdf.text.pdf.security.EncryptionAlgorithms
com.itextpdf.text.pdf.security.ExternalBlankSignatureContainer
com.itextpdf.text.pdf.security.ExternalDigest
com.itextpdf.text.pdf.security.ExternalSignature
com.itextpdf.text.pdf.security.ExternalSignatureContainer
com.itextpdf.text.pdf.security.KeyStoreUtil
com.itextpdf.text.pdf.security.LtvTimestamp
com.itextpdf.text.pdf.security.LtvVerification
com.itextpdf.text.pdf.security.LtvVerification$1
com.itextpdf.text.pdf.security.LtvVerification$CertificateInclusion
com.itextpdf.text.pdf.security.LtvVerification$CertificateOption
com.itextpdf.text.pdf.security.LtvVerification$Level
com.itextpdf.text.pdf.security.LtvVerification$ValidationData
com.itextpdf.text.pdf.security.LtvVerifier
com.itextpdf.text.pdf.security.MakeSignature
com.itextpdf.text.pdf.security.MakeSignature$CryptoStandard
com.itextpdf.text.pdf.security.MakeXmlSignature
com.itextpdf.text.pdf.security.MakeXmlSignature$EmptyKey
com.itextpdf.text.pdf.security.OCSPVerifier
com.itextpdf.text.pdf.security.OcspClient
com.itextpdf.text.pdf.security.OcspClientBouncyCastle
com.itextpdf.text.pdf.security.PdfPKCS7
com.itextpdf.text.pdf.security.PdfSignatureAppDictionary
com.itextpdf.text.pdf.security.PdfSignatureBuildProperties
com.itextpdf.text.pdf.security.PrivateKeySignature
com.itextpdf.text.pdf.security.ProviderDigest
com.itextpdf.text.pdf.security.RootStoreVerifier
com.itextpdf.text.pdf.security.SecurityConstants
com.itextpdf.text.pdf.security.SecurityIDs
com.itextpdf.text.pdf.security.SignaturePermissions
com.itextpdf.text.pdf.security.SignaturePermissions$FieldLock
com.itextpdf.text.pdf.security.TSAClient
com.itextpdf.text.pdf.security.TSAClientBouncyCastle
com.itextpdf.text.pdf.security.TSAInfoBouncyCastle
com.itextpdf.text.pdf.security.VerificationException
com.itextpdf.text.pdf.security.VerificationOK
com.itextpdf.text.pdf.security.XmlLocator
com.itextpdf.text.pdf.security.XpathConstructor
com.itextpdf.text.xml.XMLUtil
com.itextpdf.text.xml.XmlDomWriter
com.itextpdf.text.xml.XmlToTxt
com.itextpdf.text.xml.simpleparser.EntitiesToSymbol
com.itextpdf.text.xml.simpleparser.EntitiesToUnicode
com.itextpdf.text.xml.simpleparser.IanaEncodings
com.itextpdf.text.xml.simpleparser.NewLineHandler
com.itextpdf.text.xml.simpleparser.SimpleXMLDocHandler
com.itextpdf.text.xml.simpleparser.SimpleXMLDocHandlerComment
com.itextpdf.text.xml.simpleparser.SimpleXMLParser
com.itextpdf.text.xml.simpleparser.handler.HTMLNewLineHandler
com.itextpdf.text.xml.simpleparser.handler.NeverNewLineHandler
com.itextpdf.text.xml.xmp.DublinCoreProperties
com.itextpdf.text.xml.xmp.DublinCoreSchema
com.itextpdf.text.xml.xmp.LangAlt
com.itextpdf.text.xml.xmp.PdfProperties
com.itextpdf.text.xml.xmp.PdfSchema
com.itextpdf.text.xml.xmp.XmpArray
com.itextpdf.text.xml.xmp.XmpBasicProperties
com.itextpdf.text.xml.xmp.XmpBasicSchema
com.itextpdf.text.xml.xmp.XmpMMProperties
com.itextpdf.text.xml.xmp.XmpMMSchema
com.itextpdf.text.xml.xmp.XmpReader
com.itextpdf.text.xml.xmp.XmpSchema
com.itextpdf.text.xml.xmp.XmpWriter
com.itextpdf.xmp.XMPConst
com.itextpdf.xmp.XMPDateTime
com.itextpdf.xmp.XMPDateTimeFactory
com.itextpdf.xmp.XMPError
com.itextpdf.xmp.XMPException
com.itextpdf.xmp.XMPIterator
com.itextpdf.xmp.XMPMeta
com.itextpdf.xmp.XMPMetaFactory
com.itextpdf.xmp.XMPMetaFactory$1
com.itextpdf.xmp.XMPPathFactory
com.itextpdf.xmp.XMPSchemaRegistry
com.itextpdf.xmp.XMPUtils
com.itextpdf.xmp.XMPVersionInfo
com.itextpdf.xmp.impl.Base64
com.itextpdf.xmp.impl.ByteBuffer
com.itextpdf.xmp.impl.CountOutputStream
com.itextpdf.xmp.impl.FixASCIIControlsReader
com.itextpdf.xmp.impl.ISO8601Converter
com.itextpdf.xmp.impl.Latin1Converter
com.itextpdf.xmp.impl.ParameterAsserts
com.itextpdf.xmp.impl.ParseRDF
com.itextpdf.xmp.impl.ParseState